#-----------------------------------------------------------
# Vivado v2018.3 (64-bit)
# SW Build 2405991 on Thu Dec  6 23:38:27 MST 2018
# IP Build 2404404 on Fri Dec  7 01:43:56 MST 2018
# Start of session at: Thu Feb 23 21:09:45 2023
# Process ID: 7956
# Current directory: E:/FPGA/Project/juanjiDemo
# Command line: vivado.exe -gui_launcher_event rodinguilauncherevent4628 E:\FPGA\Project\juanjiDemo\juanjiDemo.xpr
# Log file: E:/FPGA/Project/juanjiDemo/vivado.log
# Journal file: E:/FPGA/Project/juanjiDemo\vivado.jou
#-----------------------------------------------------------
start_gui
open_project E:/FPGA/Project/juanjiDemo/juanjiDemo.xpr
Scanning sources...
Finished scanning sources
INFO: [IP_Flow 19-234] Refreshing IP repositories
INFO: [IP_Flow 19-1704] No user IP repositories specified
INFO: [IP_Flow 19-2313] Loaded Vivado IP repository 'D:/Vivado/Vivado/2018.3/data/ip'.
open_project: Time (s): cpu = 00:00:16 ; elapsed = 00:00:05 . Memory (MB): peak = 744.594 ; gain = 133.434
update_compile_order -fileset sources_1
exit
INFO: [Common 17-206] Exiting Vivado at Thu Feb 23 21:50:02 2023...
